# Logfile created on 2014-01-09 19:20:27 +0100 by logger.rb/41954
I, [2014-01-09T19:20:27.472223 #17746]  INFO -- : 0:  rake (10.1.1) from /Users/byterussian/.rvm/gems/ruby-2.0.0-p353/specifications/rake-10.1.1.gemspec
I, [2014-01-09T19:20:27.472619 #17746]  INFO -- : 0:  blankslate (2.1.2.4) from /Users/byterussian/.rvm/gems/ruby-2.0.0-p353/specifications/blankslate-2.1.2.4.gemspec
I, [2014-01-09T19:20:27.472915 #17746]  INFO -- : 0:  fast-stemmer (1.0.2) from /Users/byterussian/.rvm/gems/ruby-2.0.0-p353/specifications/fast-stemmer-1.0.2.gemspec
I, [2014-01-09T19:20:27.473204 #17746]  INFO -- : 0:  classifier (1.3.4) from /Users/byterussian/.rvm/gems/ruby-2.0.0-p353/specifications/classifier-1.3.4.gemspec
I, [2014-01-09T19:20:30.707440 #17746]  INFO -- : 0:  coderay (1.1.0) from /Users/byterussian/.rvm/gems/ruby-2.0.0-p353/specifications/coderay-1.1.0.gemspec
I, [2014-01-09T19:20:30.707838 #17746]  INFO -- : 0:  colorator (0.1) from /Users/byterussian/.rvm/gems/ruby-2.0.0-p353/specifications/colorator-0.1.gemspec
I, [2014-01-09T19:20:30.708134 #17746]  INFO -- : 0:  highline (1.6.20) from /Users/byterussian/.rvm/gems/ruby-2.0.0-p353/specifications/highline-1.6.20.gemspec
I, [2014-01-09T19:20:30.708423 #17746]  INFO -- : 0:  commander (4.1.5) from /Users/byterussian/.rvm/gems/ruby-2.0.0-p353/specifications/commander-4.1.5.gemspec
I, [2014-01-09T19:20:30.708711 #17746]  INFO -- : 0:  ffi (1.9.3) from /Users/byterussian/.rvm/gems/ruby-2.0.0-p353/specifications/ffi-1.9.3.gemspec
I, [2014-01-09T19:20:30.709002 #17746]  INFO -- : 0:  liquid (2.5.4) from /Users/byterussian/.rvm/gems/ruby-2.0.0-p353/specifications/liquid-2.5.4.gemspec
I, [2014-01-09T19:20:30.709296 #17746]  INFO -- : 0:  rb-fsevent (0.9.4) from /Users/byterussian/.rvm/gems/ruby-2.0.0-p353/specifications/rb-fsevent-0.9.4.gemspec
I, [2014-01-09T19:20:30.709592 #17746]  INFO -- : 0:  rb-inotify (0.9.3) from /Users/byterussian/.rvm/gems/ruby-2.0.0-p353/specifications/rb-inotify-0.9.3.gemspec
I, [2014-01-09T19:20:30.709889 #17746]  INFO -- : 0:  rb-kqueue (0.2.0) from /Users/byterussian/.rvm/gems/ruby-2.0.0-p353/specifications/rb-kqueue-0.2.0.gemspec
I, [2014-01-09T19:20:30.710184 #17746]  INFO -- : 0:  listen (1.3.1) from /Users/byterussian/.rvm/gems/ruby-2.0.0-p353/specifications/listen-1.3.1.gemspec
I, [2014-01-09T19:20:30.710478 #17746]  INFO -- : 0:  maruku (0.7.0) from /Users/byterussian/.rvm/gems/ruby-2.0.0-p353/specifications/maruku-0.7.0.gemspec
I, [2014-01-09T19:20:30.710771 #17746]  INFO -- : 0:  posix-spawn (0.3.8) from /Users/byterussian/.rvm/gems/ruby-2.0.0-p353/specifications/posix-spawn-0.3.8.gemspec
I, [2014-01-09T19:20:30.711063 #17746]  INFO -- : 0:  yajl-ruby (1.1.0) from /Users/byterussian/.rvm/gems/ruby-2.0.0-p353/specifications/yajl-ruby-1.1.0.gemspec
I, [2014-01-09T19:20:30.711356 #17746]  INFO -- : 0:  pygments.rb (0.5.4) from /Users/byterussian/.rvm/gems/ruby-2.0.0-p353/specifications/pygments.rb-0.5.4.gemspec
I, [2014-01-09T19:20:30.711649 #17746]  INFO -- : 0:  redcarpet (2.3.0) from /Users/byterussian/.rvm/gems/ruby-2.0.0-p353/specifications/redcarpet-2.3.0.gemspec
I, [2014-01-09T19:20:30.711938 #17746]  INFO -- : 0:  safe_yaml (0.9.7) from /Users/byterussian/.rvm/gems/ruby-2.0.0-p353/specifications/safe_yaml-0.9.7.gemspec
I, [2014-01-09T19:20:30.712231 #17746]  INFO -- : 0:  parslet (1.5.0) from /Users/byterussian/.rvm/gems/ruby-2.0.0-p353/specifications/parslet-1.5.0.gemspec
I, [2014-01-09T19:20:30.712518 #17746]  INFO -- : 0:  toml (0.1.0) from /Users/byterussian/.rvm/gems/ruby-2.0.0-p353/specifications/toml-0.1.0.gemspec
I, [2014-01-09T19:20:30.712805 #17746]  INFO -- : 0:  jekyll (1.4.2) from /Users/byterussian/.rvm/gems/ruby-2.0.0-p353/specifications/jekyll-1.4.2.gemspec
I, [2014-01-09T19:20:36.809000 #17746]  INFO -- : 0:  jekyll-minibundle (1.4.2) from /Users/byterussian/.rvm/gems/ruby-2.0.0-p353/specifications/jekyll-minibundle-1.4.2.gemspec
I, [2014-01-09T19:20:36.809338 #17746]  INFO -- : 0:  bundler (1.5.1) from /Users/byterussian/.rvm/gems/ruby-2.0.0-p353@global/specifications/bundler-1.5.1.gemspec
I, [2014-01-09T19:21:30.620675 #17833]  INFO -- : 0:  rake (10.1.1) from /Users/byterussian/.rvm/gems/ruby-2.0.0-p353/specifications/rake-10.1.1.gemspec
I, [2014-01-09T19:21:30.621110 #17833]  INFO -- : 0:  blankslate (2.1.2.4) from /Users/byterussian/.rvm/gems/ruby-2.0.0-p353/specifications/blankslate-2.1.2.4.gemspec
I, [2014-01-09T19:21:30.621417 #17833]  INFO -- : 0:  fast-stemmer (1.0.2) from /Users/byterussian/.rvm/gems/ruby-2.0.0-p353/specifications/fast-stemmer-1.0.2.gemspec
I, [2014-01-09T19:21:30.621718 #17833]  INFO -- : 0:  classifier (1.3.4) from /Users/byterussian/.rvm/gems/ruby-2.0.0-p353/specifications/classifier-1.3.4.gemspec
I, [2014-01-09T19:21:30.622017 #17833]  INFO -- : 0:  coderay (1.1.0) from /Users/byterussian/.rvm/gems/ruby-2.0.0-p353/specifications/coderay-1.1.0.gemspec
I, [2014-01-09T19:21:30.622315 #17833]  INFO -- : 0:  colorator (0.1) from /Users/byterussian/.rvm/gems/ruby-2.0.0-p353/specifications/colorator-0.1.gemspec
I, [2014-01-09T19:21:30.622615 #17833]  INFO -- : 0:  highline (1.6.20) from /Users/byterussian/.rvm/gems/ruby-2.0.0-p353/specifications/highline-1.6.20.gemspec
I, [2014-01-09T19:21:30.622903 #17833]  INFO -- : 0:  commander (4.1.5) from /Users/byterussian/.rvm/gems/ruby-2.0.0-p353/specifications/commander-4.1.5.gemspec
I, [2014-01-09T19:21:30.623195 #17833]  INFO -- : 0:  ffi (1.9.3) from /Users/byterussian/.rvm/gems/ruby-2.0.0-p353/specifications/ffi-1.9.3.gemspec
I, [2014-01-09T19:21:30.623487 #17833]  INFO -- : 0:  liquid (2.5.4) from /Users/byterussian/.rvm/gems/ruby-2.0.0-p353/specifications/liquid-2.5.4.gemspec
I, [2014-01-09T19:21:30.623780 #17833]  INFO -- : 0:  rb-fsevent (0.9.4) from /Users/byterussian/.rvm/gems/ruby-2.0.0-p353/specifications/rb-fsevent-0.9.4.gemspec
I, [2014-01-09T19:21:30.624080 #17833]  INFO -- : 0:  rb-inotify (0.9.3) from /Users/byterussian/.rvm/gems/ruby-2.0.0-p353/specifications/rb-inotify-0.9.3.gemspec
I, [2014-01-09T19:21:30.624372 #17833]  INFO -- : 0:  rb-kqueue (0.2.0) from /Users/byterussian/.rvm/gems/ruby-2.0.0-p353/specifications/rb-kqueue-0.2.0.gemspec
I, [2014-01-09T19:21:30.624664 #17833]  INFO -- : 0:  listen (1.3.1) from /Users/byterussian/.rvm/gems/ruby-2.0.0-p353/specifications/listen-1.3.1.gemspec
I, [2014-01-09T19:21:30.624953 #17833]  INFO -- : 0:  maruku (0.7.0) from /Users/byterussian/.rvm/gems/ruby-2.0.0-p353/specifications/maruku-0.7.0.gemspec
I, [2014-01-09T19:21:30.625246 #17833]  INFO -- : 0:  posix-spawn (0.3.8) from /Users/byterussian/.rvm/gems/ruby-2.0.0-p353/specifications/posix-spawn-0.3.8.gemspec
I, [2014-01-09T19:21:30.625541 #17833]  INFO -- : 0:  yajl-ruby (1.1.0) from /Users/byterussian/.rvm/gems/ruby-2.0.0-p353/specifications/yajl-ruby-1.1.0.gemspec
I, [2014-01-09T19:21:30.625835 #17833]  INFO -- : 0:  pygments.rb (0.5.4) from /Users/byterussian/.rvm/gems/ruby-2.0.0-p353/specifications/pygments.rb-0.5.4.gemspec
I, [2014-01-09T19:21:30.626128 #17833]  INFO -- : 0:  redcarpet (2.3.0) from /Users/byterussian/.rvm/gems/ruby-2.0.0-p353/specifications/redcarpet-2.3.0.gemspec
I, [2014-01-09T19:21:30.626425 #17833]  INFO -- : 0:  safe_yaml (0.9.7) from /Users/byterussian/.rvm/gems/ruby-2.0.0-p353/specifications/safe_yaml-0.9.7.gemspec
I, [2014-01-09T19:21:30.626716 #17833]  INFO -- : 0:  parslet (1.5.0) from /Users/byterussian/.rvm/gems/ruby-2.0.0-p353/specifications/parslet-1.5.0.gemspec
I, [2014-01-09T19:21:30.627006 #17833]  INFO -- : 0:  toml (0.1.0) from /Users/byterussian/.rvm/gems/ruby-2.0.0-p353/specifications/toml-0.1.0.gemspec
I, [2014-01-09T19:21:30.627296 #17833]  INFO -- : 0:  jekyll (1.4.2) from /Users/byterussian/.rvm/gems/ruby-2.0.0-p353/specifications/jekyll-1.4.2.gemspec
I, [2014-01-09T19:21:30.627587 #17833]  INFO -- : 0:  jekyll-minibundle (1.4.2) from /Users/byterussian/.rvm/gems/ruby-2.0.0-p353/specifications/jekyll-minibundle-1.4.2.gemspec
I, [2014-01-09T19:21:35.571817 #17833]  INFO -- : 0:  kramdown (1.3.1) from /Users/byterussian/.rvm/gems/ruby-2.0.0-p353/specifications/kramdown-1.3.1.gemspec
I, [2014-01-09T19:21:35.572197 #17833]  INFO -- : 0:  bundler (1.5.1) from /Users/byterussian/.rvm/gems/ruby-2.0.0-p353@global/specifications/bundler-1.5.1.gemspec
